<?xml version="1.0" encoding="UTF-8"?>
<testng-results ignored="0" total="1" passed="1" failed="0" skipped="0">
  <reporter-output>
  </reporter-output>
  <suite started-at="2024-12-20T21:03:16 IST" name="Default suite" finished-at="2024-12-20T21:03:47 IST" duration-ms="30899">
    <groups>
      <group name="cucumber">
        <method signature="AbstractTestNGCucumberTests.runScenario(io.cucumber.testng.PickleWrapper,io.cucumber.testng.FeatureWrapper)[pri:0, instance:uiappfeature.AmazonFailedTestRunner@4686afc2]" name="runScenario" class="io.cucumber.testng.AbstractTestNGCucumberTests"/>
      </group> <!-- cucumber -->
    </groups>
    <test started-at="2024-12-20T21:03:16 IST" name="Default test" finished-at="2024-12-20T21:03:47 IST" duration-ms="30899">
      <class name="uiappfeature.AmazonFailedTestRunner">
        <test-method is-config="true" signature="setUpClass(org.testng.ITestContext)[pri:0, instance:uiappfeature.AmazonFailedTestRunner@4686afc2]" started-at="2024-12-20T21:03:16 IST" name="setUpClass" finished-at="2024-12-20T21:03:19 IST" duration-ms="2422" status="PASS">
          <params>
            <param index="0">
              <value>
                <![CDATA[org.testng.TestRunner@6296474f]]>
              </value>
            </param>
          </params>
          <reporter-output>
          </reporter-output>
        </test-method> <!-- setUpClass -->
        <test-method signature="runScenario(io.cucumber.testng.PickleWrapper,io.cucumber.testng.FeatureWrapper)[pri:0, instance:uiappfeature.AmazonFailedTestRunner@4686afc2]" started-at="2024-12-20T21:03:19 IST" name="runScenario" description="Runs Cucumber Scenarios" data-provider="scenarios" finished-at="2024-12-20T21:03:45 IST" duration-ms="26544" status="PASS">
          <params>
            <param index="0">
              <value>
                <![CDATA["checkout deals section"]]>
              </value>
            </param>
            <param index="1">
              <value>
                <![CDATA["Home page functionality"]]>
              </value>
            </param>
          </params>
          <reporter-output>
          </reporter-output>
        </test-method> <!-- runScenario -->
        <test-method is-config="true" signature="tearDownClass()[pri:0, instance:uiappfeature.AmazonFailedTestRunner@4686afc2]" started-at="2024-12-20T21:03:45 IST" name="tearDownClass" finished-at="2024-12-20T21:03:47 IST" duration-ms="1763" status="PASS">
          <reporter-output>
          </reporter-output>
        </test-method> <!-- tearDownClass -->
      </class> <!-- uiappfeature.AmazonFailedTestRunner -->
    </test> <!-- Default test -->
  </suite> <!-- Default suite -->
</testng-results>
