<?xml version="1.0" encoding="UTF-8"?>
<!-- Generated by org.testng.reporters.JUnitReportReporter -->
<testsuite hostname="DESKTOP-5EVK54D" failures="0" tests="1" name="runner.ProfileRunner2" time="0.357" errors="1" timestamp="2024-12-12T17:08:40 IST" skipped="0">
  <testcase classname="runner.ProfileRunner2" name="runScenario" time="0.357">
    <error message="src\test\resources\testdata.properties (The system cannot find the file specified)" type="java.io.FileNotFoundException">
      <![CDATA[java.io.FileNotFoundException: src\test\resources\testdata.properties (The system cannot find the file specified)
at java.base/java.io.FileInputStream.open0(Native Method)
at java.base/java.io.FileInputStream.open(FileInputStream.java:216)
at java.base/java.io.FileInputStream.<init>(FileInputStream.java:157)
at java.base/java.io.FileInputStream.<init>(FileInputStream.java:111)
at steps.PropertiesUtils.<init>(PropertiesUtils.java:12)
at steps.TestingTheData.i_load_data_for(TestingTheData.java:23)
at ✽.I load data for "Dynamic"(file:///F:/Desktop/VimanNagar/May%2021/ATT23NovBDDBasics/src/test/resources/appfeature/LoginWithData2.feature:4)
]]>
    </error>
  </testcase> <!-- runScenario -->
  <system-out/>
</testsuite> <!-- runner.ProfileRunner2 -->
